NFCEmulator/app/build/intermediates/manifest_merge_blame_file/debug/manifest-merger-blame-debug-report.txt
1<?xml version="1.0" encoding="utf-8"?>
2<manifest xmlns:android="http://schemas.android.com/apk/res/android"
3    package="com.nfc.emulator"
4    android:versionCode="1"
5    android:versionName="1.0" >
6
7    <uses-sdk
8        android:minSdkVersion="21"
9        android:targetSdkVersion="34" />
10
11    <uses-permission android:name="android.permission.NFC" />
11-->src\main\AndroidManifest.xml:4:5-62
11-->src\main\AndroidManifest.xml:4:22-59
12
13    <uses-feature
13-->src\main\AndroidManifest.xml:5:5-81
14        android:name="android.hardware.nfc"
14-->src\main\AndroidManifest.xml:5:19-54
15        android:required="true" />
15-->src\main\AndroidManifest.xml:5:55-78
16    <uses-feature
16-->src\main\AndroidManifest.xml:6:5-85
17        android:name="android.hardware.nfc.hce"
17-->src\main\AndroidManifest.xml:6:19-58
18        android:required="true" />
18-->src\main\AndroidManifest.xml:6:59-82
19
20    <permission
20-->[androidx.core:core:1.9.0] AndroidManifest.xml:22:5-24:47
21        android:name="com.nfc.emulator.DYNAMIC_RECEIVER_NOT_EXPORTED_PERMISSION"
21-->[androidx.core:core:1.9.0] AndroidManifest.xml:23:9-81
22        android:protectionLevel="signature" />
22-->[androidx.core:core:1.9.0] AndroidManifest.xml:24:9-44
23
24    <uses-permission android:name="com.nfc.emulator.DYNAMIC_RECEIVER_NOT_EXPORTED_PERMISSION" />
24-->[androidx.core:core:1.9.0] AndroidManifest.xml:26:5-97
24-->[androidx.core:core:1.9.0] AndroidManifest.xml:26:22-94
25
26    <application
26-->src\main\AndroidManifest.xml:8:5-36:19
27        android:appComponentFactory="androidx.core.app.CoreComponentFactory"
27-->[androidx.core:core:1.9.0] AndroidManifest.xml:28:18-86
28        android:debuggable="true"
29        android:extractNativeLibs="true"
30        android:label="NFC Emulator"
30-->src\main\AndroidManifest.xml:9:9-37
31        android:theme="@style/AppTheme" >
31-->src\main\AndroidManifest.xml:10:9-40
32        <activity
32-->src\main\AndroidManifest.xml:12:9-23:20
33            android:name="com.nfc.emulator.MainActivity"
33-->src\main\AndroidManifest.xml:12:19-47
34            android:exported="true" >
34-->src\main\AndroidManifest.xml:13:13-36
35            <intent-filter>
35-->src\main\AndroidManifest.xml:14:13-17:29
36                <action android:name="android.intent.action.MAIN" />
36-->src\main\AndroidManifest.xml:15:17-68
36-->src\main\AndroidManifest.xml:15:25-66
37
38                <category android:name="android.intent.category.LAUNCHER" />
38-->src\main\AndroidManifest.xml:16:17-76
38-->src\main\AndroidManifest.xml:16:27-74
39            </intent-filter>
40            <intent-filter>
40-->src\main\AndroidManifest.xml:18:13-20:29
41                <action android:name="android.nfc.action.TECH_DISCOVERED" />
41-->src\main\AndroidManifest.xml:19:17-76
41-->src\main\AndroidManifest.xml:19:25-74
42            </intent-filter>
43
44            <meta-data
44-->src\main\AndroidManifest.xml:21:13-22:58
45                android:name="android.nfc.action.TECH_DISCOVERED"
45-->src\main\AndroidManifest.xml:21:24-73
46                android:resource="@xml/nfc_tech_filter" />
46-->src\main\AndroidManifest.xml:22:17-56
47        </activity>
48
49        <service
49-->src\main\AndroidManifest.xml:25:9-34:19
50            android:name="com.nfc.emulator.HceService"
50-->src\main\AndroidManifest.xml:25:18-44
51            android:exported="true"
51-->src\main\AndroidManifest.xml:26:13-36
52            android:permission="android.permission.BIND_NFC_SERVICE" >
52-->src\main\AndroidManifest.xml:27:13-69
53            <intent-filter>
53-->src\main\AndroidManifest.xml:28:13-31:29
54                <action android:name="android.nfc.cardemulation.action.HOST_APDU_SERVICE" />
54-->src\main\AndroidManifest.xml:29:17-92
54-->src\main\AndroidManifest.xml:29:25-90
55
56                <category android:name="android.intent.category.DEFAULT" />
56-->src\main\AndroidManifest.xml:30:17-75
56-->src\main\AndroidManifest.xml:30:27-73
57            </intent-filter>
58
59            <meta-data
59-->src\main\AndroidManifest.xml:32:13-33:54
60                android:name="android.nfc.cardemulation.host_apdu_service"
60-->src\main\AndroidManifest.xml:32:24-82
61                android:resource="@xml/apduservice" />
61-->src\main\AndroidManifest.xml:33:17-52
62        </service>
63
64        <provider
64-->[androidx.emoji2:emoji2:1.2.0] AndroidManifest.xml:24:9-32:20
65            android:name="androidx.startup.InitializationProvider"
65-->[androidx.emoji2:emoji2:1.2.0] AndroidManifest.xml:25:13-67
66            android:authorities="com.nfc.emulator.androidx-startup"
66-->[androidx.emoji2:emoji2:1.2.0] AndroidManifest.xml:26:13-68
67            android:exported="false" >
67-->[androidx.emoji2:emoji2:1.2.0] AndroidManifest.xml:27:13-37
68            <meta-data
68-->[androidx.emoji2:emoji2:1.2.0] AndroidManifest.xml:29:13-31:52
69                android:name="androidx.emoji2.text.EmojiCompatInitializer"
69-->[androidx.emoji2:emoji2:1.2.0] AndroidManifest.xml:30:17-75
70                android:value="androidx.startup" />
70-->[androidx.emoji2:emoji2:1.2.0] AndroidManifest.xml:31:17-49
71            <meta-data
71-->[androidx.lifecycle:lifecycle-process:2.4.1] AndroidManifest.xml:31:13-33:52
72                android:name="androidx.lifecycle.ProcessLifecycleInitializer"
72-->[androidx.lifecycle:lifecycle-process:2.4.1] AndroidManifest.xml:32:17-78
73                android:value="androidx.startup" />
73-->[androidx.lifecycle:lifecycle-process:2.4.1] AndroidManifest.xml:33:17-49
74        </provider>
75    </application>
76
77</manifest>